2025-06-14 19:44:40,361 - INFO - Starting system monitoring...
2025-06-14 19:44:40,387 - INFO - System Status - CPU: 0.0%, Memory: 84.4%
2025-06-14 19:44:41,416 - INFO - Metrics collected at 2025-06-14T17:44:41.413920+00:00
2025-06-14 19:45:42,440 - INFO - Metrics collected at 2025-06-14T17:45:42.436864+00:00
2025-06-14 19:46:40,362 - INFO - Running model prediction...
2025-06-14 19:46:43,467 - INFO - Metrics collected at 2025-06-14T17:46:43.463039+00:00
2025-06-14 19:46:49,299 - ERROR - Prediction failed: Traceback (most recent call last):
  File "C:\Users\vanwy\OneDrive\Desktop\CYBERSECURITY PROJECTS\PROJECTS\networkEng\metric_modeller.py", line 64, in <module>
    print("\u2705 Loaded trained ImprovedAgentModel")
  File "C:\Program Files\WindowsApps\PythonSoftwareFoundation.Python.3.12_3.12.2800.0_x64__qbz5n2kfra8p0\Lib\encodings\cp1252.py", line 19, in encode
    return codecs.charmap_encode(input,self.errors,encoding_table)[0]
           ^^^^^^^^^^^^^^^^^^^^^^^^^^^^^^^^^^^^^^^^^^^^^^^^^^^^^^^
UnicodeEncodeError: 'charmap' codec can't encode character '\u2705' in position 0: character maps to <undefined>

During handling of the above exception, another exception occurred:

Traceback (most recent call last):
  File "C:\Users\vanwy\OneDrive\Desktop\CYBERSECURITY PROJECTS\PROJECTS\networkEng\metric_modeller.py", line 66, in <module>
    print("\u26a0\ufe0f Using fallback AgentModel")
  File "C:\Program Files\WindowsApps\PythonSoftwareFoundation.Python.3.12_3.12.2800.0_x64__qbz5n2kfra8p0\Lib\encodings\cp1252.py", line 19, in encode
    return codecs.charmap_encode(input,self.errors,encoding_table)[0]
           ^^^^^^^^^^^^^^^^^^^^^^^^^^^^^^^^^^^^^^^^^^^^^^^^^^^^^^^
UnicodeEncodeError: 'charmap' codec can't encode characters in position 0-1: character maps to <undefined>

During handling of the above exception, another exception occurred:

Traceback (most recent call last):
  File "C:\Users\vanwy\OneDrive\Desktop\CYBERSECURITY PROJECTS\PROJECTS\networkEng\metric_modeller.py", line 91, in <module>
    print(f"\u274c Prediction error: {str(e)}")
  File "C:\Program Files\WindowsApps\PythonSoftwareFoundation.Python.3.12_3.12.2800.0_x64__qbz5n2kfra8p0\Lib\encodings\cp1252.py", line 19, in encode
    return codecs.charmap_encode(input,self.errors,encoding_table)[0]
           ^^^^^^^^^^^^^^^^^^^^^^^^^^^^^^^^^^^^^^^^^^^^^^^^^^^^^^^
UnicodeEncodeError: 'charmap' codec can't encode character '\u274c' in position 0: character maps to <undefined>

2025-06-14 19:47:44,493 - INFO - Metrics collected at 2025-06-14T17:47:44.489776+00:00
2025-06-14 19:48:45,518 - INFO - Metrics collected at 2025-06-14T17:48:45.514198+00:00
2025-06-14 19:48:49,300 - INFO - Running model prediction...
2025-06-14 19:48:57,569 - ERROR - Prediction failed: Traceback (most recent call last):
  File "C:\Users\vanwy\OneDrive\Desktop\CYBERSECURITY PROJECTS\PROJECTS\networkEng\metric_modeller.py", line 64, in <module>
    print("\u2705 Loaded trained ImprovedAgentModel")
  File "C:\Program Files\WindowsApps\PythonSoftwareFoundation.Python.3.12_3.12.2800.0_x64__qbz5n2kfra8p0\Lib\encodings\cp1252.py", line 19, in encode
    return codecs.charmap_encode(input,self.errors,encoding_table)[0]
           ^^^^^^^^^^^^^^^^^^^^^^^^^^^^^^^^^^^^^^^^^^^^^^^^^^^^^^^
UnicodeEncodeError: 'charmap' codec can't encode character '\u2705' in position 0: character maps to <undefined>

During handling of the above exception, another exception occurred:

Traceback (most recent call last):
  File "C:\Users\vanwy\OneDrive\Desktop\CYBERSECURITY PROJECTS\PROJECTS\networkEng\metric_modeller.py", line 66, in <module>
    print("\u26a0\ufe0f Using fallback AgentModel")
  File "C:\Program Files\WindowsApps\PythonSoftwareFoundation.Python.3.12_3.12.2800.0_x64__qbz5n2kfra8p0\Lib\encodings\cp1252.py", line 19, in encode
    return codecs.charmap_encode(input,self.errors,encoding_table)[0]
           ^^^^^^^^^^^^^^^^^^^^^^^^^^^^^^^^^^^^^^^^^^^^^^^^^^^^^^^
UnicodeEncodeError: 'charmap' codec can't encode characters in position 0-1: character maps to <undefined>

During handling of the above exception, another exception occurred:

Traceback (most recent call last):
  File "C:\Users\vanwy\OneDrive\Desktop\CYBERSECURITY PROJECTS\PROJECTS\networkEng\metric_modeller.py", line 91, in <module>
    print(f"\u274c Prediction error: {str(e)}")
  File "C:\Program Files\WindowsApps\PythonSoftwareFoundation.Python.3.12_3.12.2800.0_x64__qbz5n2kfra8p0\Lib\encodings\cp1252.py", line 19, in encode
    return codecs.charmap_encode(input,self.errors,encoding_table)[0]
           ^^^^^^^^^^^^^^^^^^^^^^^^^^^^^^^^^^^^^^^^^^^^^^^^^^^^^^^
UnicodeEncodeError: 'charmap' codec can't encode character '\u274c' in position 0: character maps to <undefined>

2025-06-14 19:49:40,397 - INFO - System Status - CPU: 14.6%, Memory: 93.0%
2025-06-14 19:49:46,544 - INFO - Metrics collected at 2025-06-14T17:49:46.540863+00:00
2025-06-14 19:50:47,618 - INFO - Metrics collected at 2025-06-14T17:50:47.613972+00:00
2025-06-14 19:50:57,570 - INFO - Running model prediction...
2025-06-14 19:51:15,682 - ERROR - Prediction failed: Traceback (most recent call last):
  File "C:\Users\vanwy\OneDrive\Desktop\CYBERSECURITY PROJECTS\PROJECTS\networkEng\metric_modeller.py", line 64, in <module>
    print("\u2705 Loaded trained ImprovedAgentModel")
  File "C:\Program Files\WindowsApps\PythonSoftwareFoundation.Python.3.12_3.12.2800.0_x64__qbz5n2kfra8p0\Lib\encodings\cp1252.py", line 19, in encode
    return codecs.charmap_encode(input,self.errors,encoding_table)[0]
           ^^^^^^^^^^^^^^^^^^^^^^^^^^^^^^^^^^^^^^^^^^^^^^^^^^^^^^^
UnicodeEncodeError: 'charmap' codec can't encode character '\u2705' in position 0: character maps to <undefined>

During handling of the above exception, another exception occurred:

Traceback (most recent call last):
  File "C:\Users\vanwy\OneDrive\Desktop\CYBERSECURITY PROJECTS\PROJECTS\networkEng\metric_modeller.py", line 66, in <module>
    print("\u26a0\ufe0f Using fallback AgentModel")
  File "C:\Program Files\WindowsApps\PythonSoftwareFoundation.Python.3.12_3.12.2800.0_x64__qbz5n2kfra8p0\Lib\encodings\cp1252.py", line 19, in encode
    return codecs.charmap_encode(input,self.errors,encoding_table)[0]
           ^^^^^^^^^^^^^^^^^^^^^^^^^^^^^^^^^^^^^^^^^^^^^^^^^^^^^^^
UnicodeEncodeError: 'charmap' codec can't encode characters in position 0-1: character maps to <undefined>

During handling of the above exception, another exception occurred:

Traceback (most recent call last):
  File "C:\Users\vanwy\OneDrive\Desktop\CYBERSECURITY PROJECTS\PROJECTS\networkEng\metric_modeller.py", line 91, in <module>
    print(f"\u274c Prediction error: {str(e)}")
  File "C:\Program Files\WindowsApps\PythonSoftwareFoundation.Python.3.12_3.12.2800.0_x64__qbz5n2kfra8p0\Lib\encodings\cp1252.py", line 19, in encode
    return codecs.charmap_encode(input,self.errors,encoding_table)[0]
           ^^^^^^^^^^^^^^^^^^^^^^^^^^^^^^^^^^^^^^^^^^^^^^^^^^^^^^^
UnicodeEncodeError: 'charmap' codec can't encode character '\u274c' in position 0: character maps to <undefined>

2025-06-14 19:51:48,652 - INFO - Metrics collected at 2025-06-14T17:51:48.646242+00:00
2025-06-14 19:52:49,687 - INFO - Metrics collected at 2025-06-14T17:52:49.681189+00:00
